<?xml version="1.0" encoding="UTF-8"?>
<!-- Generated by org.testng.reporters.JUnitXMLReporter -->
<testsuite hostname="LAPTOP-GI42MEQD" ignored="0" name="Test" tests="6" failures="1" timestamp="26 Oct 2020 06:51:57 GMT" time="50.408" errors="0">
  <testcase name="openSearchPage" time="0.013" classname="com.wipro.tests.VerifyHyperLinks"/>
  <testcase name="searchIndia" time="2.577" classname="com.wipro.tests.VerifyHyperLinks"/>
  <testcase name="countHyperLinksDisplayed" time="0.043" classname="com.wipro.tests.VerifyHyperLinks"/>
  <testcase name="verifyNoBrokenLinks" time="15.751" classname="com.wipro.tests.VerifyHyperLinks">
    <skipped/>
  </testcase> <!-- verifyNoBrokenLinks -->
  <testcase name="verifyNoBrokenLinks" time="12.168" classname="com.wipro.tests.VerifyHyperLinks">
    <skipped/>
  </testcase> <!-- verifyNoBrokenLinks -->
  <testcase name="verifyNoBrokenLinks" time="12.116" classname="com.wipro.tests.VerifyHyperLinks">
    <failure type="org.openqa.selenium.WebDriverException" message="chrome not reachable
  (Session info: chrome=86.0.4240.111)
Build info: version: &amp;apos;3.141.59&amp;apos;, revision: &amp;apos;e82be7d358&amp;apos;, time: &amp;apos;2018-11-14T08:17:03&amp;apos;
System info: host: &amp;apos;LAPTOP-GI42MEQD&amp;apos;, ip: &amp;apos;192.168.1.7&amp;apos;, os.name: &amp;apos;Windows 10&amp;apos;, os.arch: &amp;apos;amd64&amp;apos;, os.version: &amp;apos;10.0&amp;apos;, java.version: &amp;apos;1.8.0_162&amp;apos;
Driver info: org.openqa.selenium.chrome.ChromeDriver
Capabilities {acceptInsecureCerts: false, browserName: chrome, browserVersion: 86.0.4240.111, chrome: {chromedriverVersion: 85.0.4183.87 (cd6713ebf92fa..., userDataDir: C:\Users\rayud\AppData\Loca...}, goog:chromeOptions: {debuggerAddress: localhost:57531}, javascriptEnabled: true, networkConnectionEnabled: false, pageLoadStrategy: normal, platform: WINDOWS, platformName: WINDOWS, proxy: Proxy(), setWindowRect: true, strictFileInteractability: false, timeouts: {implicit: 0, pageLoad: 300000, script: 30000}, unhandledPromptBehavior: dismiss and notify, webauthn:virtualAuthenticators: true}
Session ID: 539605bef93b9bbb3a4e5b17cfb856bc">
      <![CDATA[org.openqa.selenium.WebDriverException: chrome not reachable
  (Session info: chrome=86.0.4240.111)
Build info: version: '3.141.59', revision: 'e82be7d358', time: '2018-11-14T08:17:03'
System info: host: 'LAPTOP-GI42MEQD', ip: '192.168.1.7', os.name: 'Windows 10', os.arch: 'amd64', os.version: '10.0', java.version: '1.8.0_162'
Driver info: org.openqa.selenium.chrome.ChromeDriver
Capabilities {acceptInsecureCerts: false, browserName: chrome, browserVersion: 86.0.4240.111, chrome: {chromedriverVersion: 85.0.4183.87 (cd6713ebf92fa..., userDataDir: C:\Users\rayud\AppData\Loca...}, goog:chromeOptions: {debuggerAddress: localhost:57531}, javascriptEnabled: true, networkConnectionEnabled: false, pageLoadStrategy: normal, platform: WINDOWS, platformName: WINDOWS, proxy: Proxy(), setWindowRect: true, strictFileInteractability: false, timeouts: {implicit: 0, pageLoad: 300000, script: 30000}, unhandledPromptBehavior: dismiss and notify, webauthn:virtualAuthenticators: true}
Session ID: 539605bef93b9bbb3a4e5b17cfb856bc
at org.openqa.selenium.remote.http.W3CHttpResponseCodec.createException(W3CHttpResponseCodec.java:187)
at org.openqa.selenium.remote.http.W3CHttpResponseCodec.decode(W3CHttpResponseCodec.java:122)
at org.openqa.selenium.remote.http.W3CHttpResponseCodec.decode(W3CHttpResponseCodec.java:49)
at org.openqa.selenium.remote.HttpCommandExecutor.execute(HttpCommandExecutor.java:158)
at org.openqa.selenium.remote.service.DriverCommandExecutor.execute(DriverCommandExecutor.java:83)
at org.openqa.selenium.remote.RemoteWebDriver.execute(RemoteWebDriver.java:552)
at org.openqa.selenium.remote.RemoteWebElement.execute(RemoteWebElement.java:285)
at org.openqa.selenium.remote.RemoteWebElement.getAttribute(RemoteWebElement.java:134)
at com.wipro.tests.VerifyHyperLinks.verifyNoBrokenLinks(VerifyHyperLinks.java:60)
... Removed 29 stack frames]]>
    </failure>
  </testcase> <!-- verifyNoBrokenLinks -->
</testsuite> <!-- Test -->
